[05.06.2019 14:34:17] <= AAC01500420099B2A2AB
[05.06.2019 14:34:18] <= AAC01500420099B2A2AB
[05.06.2019 14:34:19] <= AAC01400410099B2A0AB
[05.06.2019 14:34:20] <= AAC01400400099B29FAB
[05.06.2019 14:34:21] <= AAC01400420099B2A1AB
[05.06.2019 14:34:22] <= AAC01400450099B2A4AB
[05.06.2019 14:34:23] <= AAC014003D0099B29CAB
[05.06.2019 14:34:24] <= AAC014003E0099B29DAB
[05.06.2019 14:34:25] <= AAC01500400099B2A0AB
[05.06.2019 14:34:26] <= AAC01500470099B2A7AB
[05.06.2019 14:34:27] <= AAC01500480099B2A8AB
[05.06.2019 14:34:28] <= AAC01500470099B2A7AB
[05.06.2019 14:34:29] <= AAC01400450099B2A4AB
[05.06.2019 14:34:30] <= AAC01400450099B2A4AB
[05.06.2019 14:34:31] <= AAC01400480099B2A7AB
[05.06.2019 14:34:32] <= AAC01400480099B2A7AB
[05.06.2019 14:34:33] <= AAC01400490099B2A8AB
[05.06.2019 14:34:34] <= AAC01400490099B2A8AB
[05.06.2019 14:34:35] <= AAC014004A0099B2A9AB
[05.06.2019 14:34:36] <= AAC015004A0099B2AAAB
[05.06.2019 14:34:37] <= AAC014004A0099B2A9AB
[05.06.2019 14:34:38] <= AAC01400480099B2A7AB
[05.06.2019 14:34:39] <= AAC01300450099B2A3AB
[05.06.2019 14:34:40] <= AAC01300440099B2A2AB
[05.06.2019 14:34:41] <= AAC01300450099B2A3AB
[05.06.2019 14:34:42] <= AAC01300460099B2A4AB
[05.06.2019 14:34:43] <= AAC013003E0099B29CAB
[05.06.2019 14:34:44] <= AAC01300400099B29EAB
[05.06.2019 14:34:45] <= AAC01400430099B2A2AB
[05.06.2019 14:34:46] <= AAC01300430099B2A1AB
[05.06.2019 14:34:47] <= AAC01300400099B29EAB
